#
# A fatal error has been detected by the Java Runtime Environment:
#
#  EXCEPTION_ACCESS_VIOLATION (0xc0000005) at pc=0x0000000056607066, pid=10284, tid=0x0000000000002468
#
# JRE version: Java(TM) SE Runtime Environment (8.0_181-b13) (build 1.8.0_181-b13)
# Java VM: Java HotSpot(TM) 64-Bit Server VM (25.181-b13 mixed mode windows-amd64 compressed oops)
# Problematic frame:
# V  [jvm.dll+0x237066]
#
# Failed to write core dump. Minidumps are not enabled by default on client versions of Windows
#
# If you would like to submit a bug report, please visit:
#   http://bugreport.java.com/bugreport/crash.jsp
#

---------------  T H R E A D  ---------------

Current thread (0x00000000154f7800):  VMThread [stack: 0x00000000165a0000,0x00000000166a0000] [id=9320]

siginfo: ExceptionCode=0xc0000005, reading address 0x0000000000000008

Registers:
RAX=0x0000000000000000, RBX=0x000000001669eac0, RCX=0x000000001669eac0, RDX=0x0000000000000028
RSP=0x000000001669e7f0, RBP=0x000000001669f000, RSI=0x0000000000000000, RDI=0x000000001669f190
R8 =0x0000000000000000, R9 =0x0000000014fa1de0, R10=0x0000000000000008, R11=0x00000000569d7f18
R12=0x0000000015405600, R13=0x000000001669efc0, R14=0x00000000000003d8, R15=0x000000001669efb0
RIP=0x0000000056607066, EFLAGS=0x0000000000010202

Top of Stack: (sp=0x000000001669e7f0)
0x000000001669e7f0:   0000000000000000 00000000566070b3
0x000000001669e800:   0000000000000000 0000000000000000
0x000000001669e810:   0000000000000000 0000000000000000
0x000000001669e820:   0000000000000000 00000000566070b3
0x000000001669e830:   0000000000000000 0000000000000000
0x000000001669e840:   0000000000000000 00000000566072ab
0x000000001669e850:   0000000000000000 0000000000000000
0x000000001669e860:   000074d7d25e58d0 0000000000000000
0x000000001669e870:   0000000000000000 00000000566074ef
0x000000001669e880:   000000001669ea00 0000000000000000
0x000000001669e890:   0000000000000000 0000000000000000
0x000000001669e8a0:   0000000000000000 0000000000000000
0x000000001669e8b0:   0000000000000000 00000000566070b3
0x000000001669e8c0:   0000000000000000 0000000000000000
0x000000001669e8d0:   0000000000000000 0000000000000000
0x000000001669e8e0:   0000000002aa0000 00007ffbf48c5c52 

Instructions: (pc=0x0000000056607066)
0x0000000056607046:   01 00 00 48 8b 05 30 a8 5b 00 48 33 c4 48 89 84
0x0000000056607056:   24 30 01 00 00 4c 63 41 10 48 8b 41 08 48 8b d9
0x0000000056607066:   42 38 54 00 08 74 33 44 0f be c2 48 8d 4c 24 20
0x0000000056607076:   48 8d 15 13 e3 3e 00 e8 ee ec de ff 48 8d 0d 97 


Register to memory mapping:

RAX=0x0000000000000000 is an unknown value
RBX=0x000000001669eac0 is an unknown value
RCX=0x000000001669eac0 is an unknown value
RDX=0x0000000000000028 is an unknown value
RSP=0x000000001669e7f0 is an unknown value
RBP=0x000000001669f000 is an unknown value
RSI=0x0000000000000000 is an unknown value
RDI=0x000000001669f190 is an unknown value
R8 =0x0000000000000000 is an unknown value
R9 =0x0000000014fa1de0 is pointing into metadata
R10=0x0000000000000008 is an unknown value
R11=0x00000000569d7f18 is an unknown value
R12=0x0000000015405600 is an unknown value
R13=0x000000001669efc0 is an unknown value
R14=0x00000000000003d8 is an unknown value
R15=0x000000001669efb0 is an unknown value


Stack: [0x00000000165a0000,0x00000000166a0000],  sp=0x000000001669e7f0,  free space=1017k
Native frames: (J=compiled Java code, j=interpreted, Vv=VM code, C=native code)
V  [jvm.dll+0x237066]
V  [jvm.dll+0x2376e4]
V  [jvm.dll+0xff4a3]
V  [jvm.dll+0x102593]
V  [jvm.dll+0x10305f]
V  [jvm.dll+0x1038a5]
V  [jvm.dll+0x103af2]
V  [jvm.dll+0xc50be]
V  [jvm.dll+0xc5748]
V  [jvm.dll+0xc587a]
V  [jvm.dll+0xc5a78]
V  [jvm.dll+0x10f94a]
V  [jvm.dll+0x12d22f]
V  [jvm.dll+0x1bf3df]
V  [jvm.dll+0x24cc27]
V  [jvm.dll+0x24bec6]
V  [jvm.dll+0x24c361]
V  [jvm.dll+0x24c57e]
V  [jvm.dll+0x29e64a]
C  [msvcr100.dll+0x21d9f]
C  [msvcr100.dll+0x21e3b]
C  [KERNEL32.DLL+0x13034]
C  [ntdll.dll+0x71461]

VM_Operation (0x000000001708f100): GetOrSetLocal, mode: safepoint, requested by thread 0x000000001558c000


---------------  P R O C E S S  ---------------

Java Threads: ( => current thread )
  0x0000000016b39000 JavaThread "Service Thread" daemon [_thread_blocked, id=6136, stack(0x0000000017590000,0x0000000017690000)]
  0x0000000016a7c000 JavaThread "C1 CompilerThread2" daemon [_thread_blocked, id=4164, stack(0x0000000017490000,0x0000000017590000)]
  0x0000000016a53800 JavaThread "C2 CompilerThread1" daemon [_thread_blocked, id=13148, stack(0x0000000017390000,0x0000000017490000)]
  0x0000000016a52800 JavaThread "C2 CompilerThread0" daemon [_thread_blocked, id=7688, stack(0x0000000017290000,0x0000000017390000)]
  0x00000000169af000 JavaThread "JDWP Command Reader" daemon [_thread_in_native, id=15076, stack(0x0000000017190000,0x0000000017290000)]
  0x00000000169ab800 JavaThread "JDWP Event Helper Thread" daemon [_thread_blocked, id=5140, stack(0x0000000017090000,0x0000000017190000)]
  0x000000001558c000 JavaThread "JDWP Transport Listener: dt_socket" daemon [_thread_blocked, id=2136, stack(0x0000000016f90000,0x0000000017090000)]
  0x0000000015541000 JavaThread "Attach Listener" daemon [_thread_blocked, id=15284, stack(0x0000000016e90000,0x0000000016f90000)]
  0x0000000015540000 JavaThread "Signal Dispatcher" daemon [_thread_blocked, id=4492, stack(0x0000000016d90000,0x0000000016e90000)]
  0x0000000015519800 JavaThread "Finalizer" daemon [_thread_blocked, id=13456, stack(0x00000000167a0000,0x00000000168a0000)]
  0x0000000002f04000 JavaThread "Reference Handler" daemon [_thread_blocked, id=7104, stack(0x00000000166a0000,0x00000000167a0000)]
  0x0000000002e14000 JavaThread "main" [_thread_blocked, id=8400, stack(0x0000000002b30000,0x0000000002c30000)]

Other Threads:
=>0x00000000154f7800 VMThread [stack: 0x00000000165a0000,0x00000000166a0000] [id=9320]
  0x0000000016b4e800 WatcherThread [stack: 0x0000000017690000,0x0000000017790000] [id=13856]

VM state:at safepoint (normal execution)

VM Mutex/Monitor currently owned by a thread:  ([mutex/lock_event])
[0x0000000002e10cd0] Threads_lock - owner thread: 0x00000000154f7800

Heap:
 PSYoungGen      total 18944K, used 4312K [0x00000000eb100000, 0x00000000ec600000, 0x0000000100000000)
  eden space 16384K, 26% used [0x00000000eb100000,0x00000000eb536190,0x00000000ec100000)
  from space 2560K, 0% used [0x00000000ec380000,0x00000000ec380000,0x00000000ec600000)
  to   space 2560K, 0% used [0x00000000ec100000,0x00000000ec100000,0x00000000ec380000)
 ParOldGen       total 44032K, used 0K [0x00000000c1200000, 0x00000000c3d00000, 0x00000000eb100000)
  object space 44032K, 0% used [0x00000000c1200000,0x00000000c1200000,0x00000000c3d00000)
 Metaspace       used 3910K, capacity 4704K, committed 4864K, reserved 1056768K
  class space    used 433K, capacity 464K, committed 512K, reserved 1048576K

Card table byte_map: [0x00000000122d0000,0x00000000124d0000] byte_map_base: 0x0000000011cc7000

Marking Bits: (ParMarkBitMap*) 0x0000000056bf2d00
 Begin Bits: [0x0000000012a20000, 0x00000000139d8000)
 End Bits:   [0x00000000139d8000, 0x0000000014990000)

Polling page: 0x0000000000e40000

CodeCache: size=245760Kb used=1306Kb max_used=1306Kb free=244453Kb
 bounds [0x0000000002f10000, 0x0000000003180000, 0x0000000011f10000]
 total_blobs=361 nmethods=111 adapters=171
 compilation: enabled

Compilation events (10 events):
Event: 0.639 Thread 0x0000000016a7c000  107       3       java.lang.Character::isBmpCodePoint (13 bytes)
Event: 0.639 Thread 0x0000000016a7c000 nmethod 107 0x0000000003055f10 code [0x0000000003056060, 0x00000000030561f0]
Event: 0.639 Thread 0x0000000016a7c000  108       1       java.util.regex.Pattern::flags (5 bytes)
Event: 0.639 Thread 0x0000000016a7c000 nmethod 108 0x0000000003056250 code [0x00000000030563a0, 0x00000000030564b0]
Event: 2.564 Thread 0x0000000016a7c000  109       3       java.nio.ByteBuffer::arrayOffset (35 bytes)
Event: 2.564 Thread 0x0000000016a7c000 nmethod 109 0x0000000003056510 code [0x00000000030566a0, 0x0000000003056998]
Event: 2.564 Thread 0x0000000016a7c000  110       1       java.nio.Buffer::limit (5 bytes)
Event: 2.564 Thread 0x0000000016a7c000 nmethod 110 0x0000000003056ad0 code [0x0000000003056c20, 0x0000000003056d30]
Event: 4.406 Thread 0x0000000016a7c000  111       3       java.nio.CharBuffer::arrayOffset (35 bytes)
Event: 4.406 Thread 0x0000000016a7c000 nmethod 111 0x0000000003056d90 code [0x0000000003056f20, 0x0000000003057218]

GC Heap History (0 events):
No events

Deoptimization events (0 events):
No events

Classes redefined (2 events):
Event: 37.906 Thread 0x00000000154f7800 redefined class name=view.InputView, count=1
Event: 77.622 Thread 0x00000000154f7800 redefined class name=view.InputView, count=2

Internal exceptions (6 events):
Event: 0.129 Thread 0x0000000002e14000 Exception <a 'java/lang/NoSuchMethodError': Method sun.misc.Unsafe.defineClass(Ljava/lang/String;[BII)Ljava/lang/Class; name or signature does not match> (0x00000000eb107cb0) thrown at [C:\re\workspace\8-2-build-windows-amd64-cygwin\jdk8u181\11358\hotspot
Event: 0.129 Thread 0x0000000002e14000 Exception <a 'java/lang/NoSuchMethodError': Method sun.misc.Unsafe.prefetchRead(Ljava/lang/Object;J)V name or signature does not match> (0x00000000eb107f98) thrown at [C:\re\workspace\8-2-build-windows-amd64-cygwin\jdk8u181\11358\hotspot\src\share\vm\prim
Event: 0.602 Thread 0x0000000002e14000 Exception <a 'java/security/PrivilegedActionException'> (0x00000000eb4a7240) thrown at [C:\re\workspace\8-2-build-windows-amd64-cygwin\jdk8u181\11358\hotspot\src\share\vm\prims\jvm.cpp, line 1435]
Event: 0.602 Thread 0x0000000002e14000 Exception <a 'java/security/PrivilegedActionException'> (0x00000000eb4a7638) thrown at [C:\re\workspace\8-2-build-windows-amd64-cygwin\jdk8u181\11358\hotspot\src\share\vm\prims\jvm.cpp, line 1435]
Event: 0.604 Thread 0x0000000002e14000 Exception <a 'java/security/PrivilegedActionException'> (0x00000000eb4ab730) thrown at [C:\re\workspace\8-2-build-windows-amd64-cygwin\jdk8u181\11358\hotspot\src\share\vm\prims\jvm.cpp, line 1435]
Event: 0.604 Thread 0x0000000002e14000 Exception <a 'java/security/PrivilegedActionException'> (0x00000000eb4abb28) thrown at [C:\re\workspace\8-2-build-windows-amd64-cygwin\jdk8u181\11358\hotspot\src\share\vm\prims\jvm.cpp, line 1435]

Events (10 events):
Event: 58.247 Executing VM operation: ChangeBreakpoints done
Event: 59.037 Executing VM operation: ChangeBreakpoints
Event: 59.037 Executing VM operation: ChangeBreakpoints done
Event: 61.217 Executing VM operation: ChangeBreakpoints
Event: 61.217 Executing VM operation: ChangeBreakpoints done
Event: 77.621 Executing VM operation: RedefineClasses
Event: 77.622 Executing VM operation: RedefineClasses done
Event: 77.727 Executing VM operation: ChangeBreakpoints
Event: 77.727 Executing VM operation: ChangeBreakpoints done
Event: 77.760 Executing VM operation: GetOrSetLocal


Dynamic libraries:
0x00007ff766490000 - 0x00007ff7664c7000 	C:\Program Files\Java\jdk1.8.0_181\bin\java.exe
0x00007ffbf48b0000 - 0x00007ffbf4a91000 	C:\WINDOWS\SYSTEM32\ntdll.dll
0x00007ffbf2030000 - 0x00007ffbf20e2000 	C:\WINDOWS\System32\KERNEL32.DLL
0x00007ffbf0d20000 - 0x00007ffbf0f93000 	C:\WINDOWS\System32\KERNELBASE.dll
0x00007ffbf1d40000 - 0x00007ffbf1de1000 	C:\WINDOWS\System32\ADVAPI32.dll
0x00007ffbf4540000 - 0x00007ffbf45de000 	C:\WINDOWS\System32\msvcrt.dll
0x00007ffbf23f0000 - 0x00007ffbf244b000 	C:\WINDOWS\System32\sechost.dll
0x00007ffbf3b80000 - 0x00007ffbf3ca4000 	C:\WINDOWS\System32\RPCRT4.dll
0x00007ffbf1ea0000 - 0x00007ffbf2030000 	C:\WINDOWS\System32\USER32.dll
0x00007ffbf1180000 - 0x00007ffbf11a0000 	C:\WINDOWS\System32\win32u.dll
0x00007ffbf44b0000 - 0x00007ffbf44d8000 	C:\WINDOWS\System32\GDI32.dll
0x00007ffbf1ba0000 - 0x00007ffbf1d32000 	C:\WINDOWS\System32\gdi32full.dll
0x00007ffbf0c80000 - 0x00007ffbf0d1f000 	C:\WINDOWS\System32\msvcp_win.dll
0x00007ffbf1020000 - 0x00007ffbf111a000 	C:\WINDOWS\System32\ucrtbase.dll
0x00007ffbddd90000 - 0x00007ffbddff9000 	C:\WINDOWS\WinSxS\amd64_microsoft.windows.common-controls_6595b64144ccf1df_6.0.17134.345_none_fb429a5930656358\COMCTL32.dll
0x00007ffbf4100000 - 0x00007ffbf4423000 	C:\WINDOWS\System32\combase.dll
0x00007ffbf0fa0000 - 0x00007ffbf101a000 	C:\WINDOWS\System32\bcryptPrimitives.dll
0x00007ffbf4780000 - 0x00007ffbf47ad000 	C:\WINDOWS\System32\IMM32.DLL
0x0000000056c80000 - 0x0000000056d52000 	C:\Program Files\Java\jdk1.8.0_181\jre\bin\msvcr100.dll
0x00000000563d0000 - 0x0000000056c72000 	C:\Program Files\Java\jdk1.8.0_181\jre\bin\server\jvm.dll
0x00007ffbf20f0000 - 0x00007ffbf20f8000 	C:\WINDOWS\System32\PSAPI.DLL
0x00007ffbe0ab0000 - 0x00007ffbe0ab9000 	C:\WINDOWS\SYSTEM32\WSOCK32.dll
0x00007ffbf2500000 - 0x00007ffbf256c000 	C:\WINDOWS\System32\WS2_32.dll
0x00007ffbeecd0000 - 0x00007ffbeecf3000 	C:\WINDOWS\SYSTEM32\WINMM.dll
0x00007ffbe52c0000 - 0x00007ffbe52ca000 	C:\WINDOWS\SYSTEM32\VERSION.dll
0x00007ffbeeca0000 - 0x00007ffbeecca000 	C:\WINDOWS\SYSTEM32\WINMMBASE.dll
0x00007ffbf1440000 - 0x00007ffbf1489000 	C:\WINDOWS\System32\cfgmgr32.dll
0x00000000563c0000 - 0x00000000563cf000 	C:\Program Files\Java\jdk1.8.0_181\jre\bin\verify.dll
0x0000000056390000 - 0x00000000563b9000 	C:\Program Files\Java\jdk1.8.0_181\jre\bin\java.dll
0x0000000056330000 - 0x0000000056365000 	C:\Program Files\Java\jdk1.8.0_181\jre\bin\jdwp.dll
0x0000000056320000 - 0x0000000056328000 	C:\Program Files\Java\jdk1.8.0_181\jre\bin\npt.dll
0x00000000562f0000 - 0x0000000056313000 	C:\Program Files\Java\jdk1.8.0_181\jre\bin\instrument.dll
0x0000000056370000 - 0x0000000056386000 	C:\Program Files\Java\jdk1.8.0_181\jre\bin\zip.dll
0x00007ffbf25d0000 - 0x00007ffbf3a0f000 	C:\WINDOWS\System32\SHELL32.dll
0x00007ffbf1df0000 - 0x00007ffbf1e99000 	C:\WINDOWS\System32\shcore.dll
0x00007ffbf1490000 - 0x00007ffbf1b9d000 	C:\WINDOWS\System32\windows.storage.dll
0x00007ffbf44e0000 - 0x00007ffbf4531000 	C:\WINDOWS\System32\shlwapi.dll
0x00007ffbf0bf0000 - 0x00007ffbf0c01000 	C:\WINDOWS\System32\kernel.appcore.dll
0x00007ffbf0c60000 - 0x00007ffbf0c7f000 	C:\WINDOWS\System32\profapi.dll
0x00007ffbf0c10000 - 0x00007ffbf0c5c000 	C:\WINDOWS\System32\powrprof.dll
0x00007ffbf0be0000 - 0x00007ffbf0bea000 	C:\WINDOWS\System32\FLTLIB.DLL
0x00000000562e0000 - 0x00000000562e9000 	C:\Program Files\Java\jdk1.8.0_181\jre\bin\dt_socket.dll
0x00007ffbf0440000 - 0x00007ffbf04a6000 	C:\WINDOWS\system32\mswsock.dll
0x00007ffbe6de0000 - 0x00007ffbe6fa9000 	C:\WINDOWS\SYSTEM32\dbghelp.dll

VM Arguments:
jvm_args: -agentlib:jdwp=transport=dt_socket,address=127.0.0.1:50715,suspend=y,server=n -javaagent:C:\Users\bethe\.IntelliJIdea2018.1\system\groovyHotSwap\gragent.jar -javaagent:C:\Users\bethe\.IntelliJIdea2018.1\system\captureAgent\debugger-agent.jar=file:/C:/Users/bethe/AppData/Local/Temp/capture.props -Dfile.encoding=UTF-8 
java_command: Main
java_class_path (initial): C:\Program Files\Java\jdk1.8.0_181\jre\lib\charsets.jar;C:\Program Files\Java\jdk1.8.0_181\jre\lib\deploy.jar;C:\Program Files\Java\jdk1.8.0_181\jre\lib\ext\access-bridge-64.jar;C:\Program Files\Java\jdk1.8.0_181\jre\lib\ext\cldrdata.jar;C:\Program Files\Java\jdk1.8.0_181\jre\lib\ext\dnsns.jar;C:\Program Files\Java\jdk1.8.0_181\jre\lib\ext\jaccess.jar;C:\Program Files\Java\jdk1.8.0_181\jre\lib\ext\jfxrt.jar;C:\Program Files\Java\jdk1.8.0_181\jre\lib\ext\localedata.jar;C:\Program Files\Java\jdk1.8.0_181\jre\lib\ext\nashorn.jar;C:\Program Files\Java\jdk1.8.0_181\jre\lib\ext\sunec.jar;C:\Program Files\Java\jdk1.8.0_181\jre\lib\ext\sunjce_provider.jar;C:\Program Files\Java\jdk1.8.0_181\jre\lib\ext\sunmscapi.jar;C:\Program Files\Java\jdk1.8.0_181\jre\lib\ext\sunpkcs11.jar;C:\Program Files\Java\jdk1.8.0_181\jre\lib\ext\zipfs.jar;C:\Program Files\Java\jdk1.8.0_181\jre\lib\javaws.jar;C:\Program Files\Java\jdk1.8.0_181\jre\lib\jce.jar;C:\Program Files\Java\jdk1.8.0_181\jre\lib\jfr.jar;C:\Program Files\Java\jdk1.8.0_181\jre\lib\jfxswt.jar;C:\Program Files\Java\jdk1.8.0_181\jre\lib\jsse.jar;C:\Program Files\Java\jdk1.8.0_181\jre\lib\management-agent.jar;C:\Program Files\Java\jdk1.8.0_181\jre\lib\plugin.jar;C:\Program Files\Java\jdk1.8.0_181\jre\lib\resources.jar;C:\Program Files\Java\jdk1.8.0_181\jre\lib\rt.jar;C:\Users\bethe\IdeaProjects\java-study-lotto\out\production\classes;C:\Users\bethe\IdeaProjects\java-study-lotto\out\production\resources;C:\Users\bethe\.gradle\caches\modules-2\files-2.1\ch.qos.logback\logback-classic\1.2.3\7c4f3c474fb2c041d8028740440937705ebb473a\logback-classic-1.2.3.jar;C:\Users\bethe\.gradle\caches\modules-2\files-2.1\ch.qos.logback\logback-core\1.2.3\864344400c3d4d92dfeb0a305dc87d953677c03c\logback-core-1.2.3.jar;C:\Users\bethe\.gradle\caches\modules-2\files-2.1\org.slf4j\slf4j-api\1.7.25\da76ca59f6a57ee3102f8f9bd9cee742973efa8a\slf4j-api-1.7.25.jar;C:\Program Files\JetBrains\IntelliJ IDEA 2018.1.5\lib\idea_rt.jar;C:\U
Launcher Type: SUN_STANDARD

Environment Variables:
PATH=C:\Program Files (x86)\Common Files\Oracle\Java\javapath;C:\WINDOWS\system32;C:\WINDOWS;C:\WINDOWS\System32\Wbem;C:\WINDOWS\System32\WindowsPowerShell\v1.0\;C:\WINDOWS\System32\OpenSSH\;C:\Program Files\Git\cmd;C:\Program Files\nodejs\;C:\Users\bethe\AppData\Local\Microsoft\WindowsApps;C:\Program Files\Bandizip\;C:\Users\bethe\AppData\Roaming\npm;C:\Users\bethe\AppData\Local\atom\bin;C:\Users\bethe\AppData\Local\hyper\app-2.0.0\resources\bin
USERNAME=bethe
OS=Windows_NT
PROCESSOR_IDENTIFIER=Intel64 Family 6 Model 142 Stepping 9, GenuineIntel



---------------  S Y S T E M  ---------------

OS: Windows 10.0 , 64 bit Build 17134 (10.0.17134.1)

CPU:total 4 (initial active 4) (2 cores per cpu, 2 threads per core) family 6 model 142 stepping 9, cmov, cx8, fxsr, mmx, sse, sse2, sse3, ssse3, sse4.1, sse4.2, popcnt, avx, avx2, aes, clmul, erms, rtm, 3dnowpref, lzcnt, ht, tsc, tscinvbit, bmi1, bmi2, adx

Memory: 4k page, physical 4117704k(598564k free), swap 11394752k(3483288k free)

vm_info: Java HotSpot(TM) 64-Bit Server VM (25.181-b13) for windows-amd64 JRE (1.8.0_181-b13), built on Jul  7 2018 04:01:33 by "java_re" with MS VC++ 10.0 (VS2010)

time: Mon Nov 05 16:09:28 2018
elapsed time: 77 seconds (0d 0h 1m 17s)

